Determining if the pthread_create exist failed with the following output:
Change Dir: /home/lizzyt10h/6to semestre/Paralela y Distribuida/shared/Practice1/posix_blur/CMakeFiles/CMakeTmp

Run Build Command:"/usr/bin/make" "cmTC_b534a/fast"
/usr/bin/make -f CMakeFiles/cmTC_b534a.dir/build.make CMakeFiles/cmTC_b534a.dir/build
make[1]: Entering directory '/home/lizzyt10h/6to semestre/Paralela y Distribuida/shared/Practice1/posix_blur/CMakeFiles/CMakeTmp'
Building C object CMakeFiles/cmTC_b534a.dir/CheckSymbolExists.c.o
/usr/bin/cc    -o CMakeFiles/cmTC_b534a.dir/CheckSymbolExists.c.o   -c "/home/lizzyt10h/6to semestre/Paralela y Distribuida/shared/Practice1/posix_blur/CMakeFiles/CMakeTmp/CheckSymbolExists.c"
Linking C executable cmTC_b534a
/usr/bin/cmake -E cmake_link_script CMakeFiles/cmTC_b534a.dir/link.txt --verbose=1
/usr/bin/cc      -rdynamic CMakeFiles/cmTC_b534a.dir/CheckSymbolExists.c.o  -o cmTC_b534a 
CMakeFiles/cmTC_b534a.dir/CheckSymbolExists.c.o: In function `main':
CheckSymbolExists.c:(.text+0x1b): undefined reference to `pthread_create'
collect2: error: ld returned 1 exit status
CMakeFiles/cmTC_b534a.dir/build.make:97: recipe for target 'cmTC_b534a' failed
make[1]: *** [cmTC_b534a] Error 1
make[1]: Leaving directory '/home/lizzyt10h/6to semestre/Paralela y Distribuida/shared/Practice1/posix_blur/CMakeFiles/CMakeTmp'
Makefile:126: recipe for target 'cmTC_b534a/fast' failed
make: *** [cmTC_b534a/fast] Error 2

File /home/lizzyt10h/6to semestre/Paralela y Distribuida/shared/Practice1/posix_blur/CMakeFiles/CMakeTmp/CheckSymbolExists.c:
/* */
#include <pthread.h>

int main(int argc, char** argv)
{
  (void)argv;
#ifndef pthread_create
  return ((int*)(&pthread_create))[argc];
#else
  (void)argc;
  return 0;
#endif
}

Determining if the pthread_create exist failed with the following output:
Change Dir: /home/nicolas/Semestre VIII/Computación Paralela y Distribuida/Practices/Practice1/posix_blur/CMakeFiles/CMakeTmp

Run Build Command:"/usr/bin/make" "cmTC_cce71/fast"
/usr/bin/make -f CMakeFiles/cmTC_cce71.dir/build.make CMakeFiles/cmTC_cce71.dir/build
make[1]: se entra en el directorio '/home/nicolas/Semestre VIII/Computación Paralela y Distribuida/Practices/Practice1/posix_blur/CMakeFiles/CMakeTmp'
Building C object CMakeFiles/cmTC_cce71.dir/CheckSymbolExists.c.o
/usr/bin/cc     -o CMakeFiles/cmTC_cce71.dir/CheckSymbolExists.c.o   -c "/home/nicolas/Semestre VIII/Computación Paralela y Distribuida/Practices/Practice1/posix_blur/CMakeFiles/CMakeTmp/CheckSymbolExists.c"
Linking C executable cmTC_cce71
/usr/bin/cmake -E cmake_link_script CMakeFiles/cmTC_cce71.dir/link.txt --verbose=1
/usr/bin/cc       CMakeFiles/cmTC_cce71.dir/CheckSymbolExists.c.o  -o cmTC_cce71 -rdynamic 
CMakeFiles/cmTC_cce71.dir/CheckSymbolExists.c.o: En la función `main':
CheckSymbolExists.c:(.text+0x16): referencia a `pthread_create' sin definir
collect2: error: ld returned 1 exit status
CMakeFiles/cmTC_cce71.dir/build.make:97: fallo en las instrucciones para el objetivo 'cmTC_cce71'
make[1]: *** [cmTC_cce71] Error 1
make[1]: se sale del directorio '/home/nicolas/Semestre VIII/Computación Paralela y Distribuida/Practices/Practice1/posix_blur/CMakeFiles/CMakeTmp'
Makefile:126: fallo en las instrucciones para el objetivo 'cmTC_cce71/fast'
make: *** [cmTC_cce71/fast] Error 2

File /home/nicolas/Semestre VIII/Computación Paralela y Distribuida/Practices/Practice1/posix_blur/CMakeFiles/CMakeTmp/CheckSymbolExists.c:
/* */
#include <pthread.h>

int main(int argc, char** argv)
{
  (void)argv;
#ifndef pthread_create
  return ((int*)(&pthread_create))[argc];
#else
  (void)argc;
  return 0;
#endif
}

